<?xml version="1.0" encoding="UTF-8"?>
<!-- Generated by org.testng.reporters.JUnitReportReporter -->
<testsuite hostname="DESKTOP-0HFLPO6" failures="0" tests="1" name="Runner.TestRunner" time="34.265" errors="0" timestamp="2022-08-29T19:25:42 EET" skipped="0">
  <testcase classname="Runner.TestRunner" name="runScenario" time="34.265"/>
  <system-out/>
</testsuite> <!-- Runner.TestRunner -->
